<?xml version="1.0" encoding="UTF-8"?>
<testsuite xmlns:xsi="http://www.w3.org/2001/XMLSchema-instance" xsi:noNamespaceSchemaLocation="https://maven.apache.org/surefire/maven-surefire-plugin/xsd/surefire-test-report.xsd" version="3.0.2" name="app.VBeta.ProblemDiscussionControllerTest" time="4.109" tests="9" errors="0" skipped="0" failures="0">
  <properties>
[...]
</properties>
  <testcase name="returns404_whenDeleteCommentFails" classname="app.VBeta.ProblemDiscussionControllerTest" time="0.283">
    <system-out><![CDATA[15:34:23.262 [main] INFO org.springframework.test.context.support.AnnotationConfigContextLoaderUtils -- Could not detect default configuration classes for test class [app.VBeta.ProblemDiscussionControllerTest]: ProblemDiscussionControllerTest does not declare any static, non-private, non-final, nested classes annotated with @Configuration.
15:34:23.478 [main] INFO org.springframework.boot.test.context.SpringBootTestContextBootstrapper -- Found @SpringBootConfiguration app.VBeta.VBetaApplication for test class app.VBeta.ProblemDiscussionControllerTest
2026-08-17T15:34:24.129-05:00  INFO 60926 --- [V-Beta-Server] [           main] a.VBeta.ProblemDiscussionControllerTest  : Starting ProblemDiscussionControllerTest using Java 21.0.11 with PID 60926 (started by miztery in /home/miztery/Desktop/Projects/V-beta/server)
2026-08-17T15:34:24.134-05:00  INFO 60926 --- [V-Beta-Server] [           main] a.VBeta.ProblemDiscussionControllerTest  : The following 1 profile is active: "test"
2026-08-17T15:34:26.489-05:00  WARN 60926 --- [V-Beta-Server] [           main] .s.s.UserDetailsServiceAutoConfiguration : 

Using generated security password: b988c76a-0c8c-4d0f-9d8d-7bc6b7665737

This generated password is for development use only. Your security configuration must be updated before running your application in production.

2026-08-17T15:34:26.514-05:00  INFO 60926 --- [V-Beta-Server] [           main] r$InitializeUserDetailsManagerConfigurer : Global AuthenticationManager configured with UserDetailsService bean with name inMemoryUserDetailsManager
2026-08-17T15:34:26.703-05:00  INFO 60926 --- [V-Beta-Server] [           main] o.s.b.t.m.w.SpringBootMockServletContext : Initializing Spring TestDispatcherServlet ''
2026-08-17T15:34:26.704-05:00  INFO 60926 --- [V-Beta-Server] [           main] o.s.t.web.servlet.TestDispatcherServlet  : Initializing Servlet ''
2026-08-17T15:34:26.705-05:00  INFO 60926 --- [V-Beta-Server] [           main] o.s.t.web.servlet.TestDispatcherServlet  : Completed initialization in 1 ms
2026-08-17T15:34:26.740-05:00  INFO 60926 --- [V-Beta-Server] [           main] a.VBeta.ProblemDiscussionControllerTest  : Started ProblemDiscussionControllerTest in 3.162 seconds (process running for 4.405)
]]></system-out>
    <system-err><![CDATA[Mockito is currently self-attaching to enable the inline-mock-maker. This will no longer work in future releases of the JDK. Please add Mockito as an agent to your build what is described in Mockito's documentation: https://javadoc.io/doc/org.mockito/mockito-core/latest/org/mockito/Mockito.html#0.3
WARNING: A Java agent has been loaded dynamically (/home/miztery/.m2/repository/net/bytebuddy/byte-buddy-agent/1.15.11/byte-buddy-agent-1.15.11.jar)
WARNING: If a serviceability tool is in use, please run with -XX:+EnableDynamicAgentLoading to hide this warning
WARNING: If a serviceability tool is not in use, please run with -Djdk.instrument.traceUsage for more information
WARNING: Dynamic loading of agents will be disallowed by default in a future release
]]></system-err>
  </testcase>
  <testcase name="returns201_whenSavingSolutionBeta" classname="app.VBeta.ProblemDiscussionControllerTest" time="0.053"/>
  <testcase name="returns201_whenAuthenticated" classname="app.VBeta.ProblemDiscussionControllerTest" time="0.025"/>
  <testcase name="returns200_whenRequestingUploadUrl" classname="app.VBeta.ProblemDiscussionControllerTest" time="0.017"/>
  <testcase name="returns404_whenNoAuthentication" classname="app.VBeta.ProblemDiscussionControllerTest" time="0.009"/>
  <testcase name="returns201_whenSuggestingGrade" classname="app.VBeta.ProblemDiscussionControllerTest" time="0.03"/>
  <testcase name="returns200_whenDeletingSolutionBeta" classname="app.VBeta.ProblemDiscussionControllerTest" time="0.011"/>
  <testcase name="returns404_whenSuggestGradeUnauthorized" classname="app.VBeta.ProblemDiscussionControllerTest" time="0.01"/>
  <testcase name="returns200_whenDeletingComment" classname="app.VBeta.ProblemDiscussionControllerTest" time="0.008"/>
</testsuite>